The target system is: Android - 1 - aarch64
The host system is: Linux - 5.10.16.3-microsoft-standard-WSL2 - x86_64
Compiling the C compiler identification source file "CMakeCCompilerId.c" succeeded.
Compiler: /home/ajue/.buildozer/android/platform/android-ndk-r25b/toolchains/llvm/prebuilt/linux-x86_64/bin/clang 
Build flags: -g;-DANDROID;-fdata-sections;-ffunction-sections;-funwind-tables;-fstack-protector-strong;-no-canonical-prefixes;-D_FORTIFY_SOURCE=2;-Wformat;-Werror=format-security;
Id flags: -c;--target=aarch64-none-linux-android21 

The output was:
0


Compilation of the C compiler identification source "CMakeCCompilerId.c" produced "CMakeCCompilerId.o"

The C compiler identification is Clang, found in "/mnt/d/pycharm/pythonProject1/wsl/.buildozer/android/platform/build-arm64-v8a_armeabi-v7a/build/other_builds/jpeg/arm64-v8a__ndk_target_21/jpeg/CMakeFiles/3.22.1/CompilerIdC/CMakeCCompilerId.o"

Detecting C compiler ABI info compiled with the following output:
Change Dir: /mnt/d/pycharm/pythonProject1/wsl/.buildozer/android/platform/build-arm64-v8a_armeabi-v7a/build/other_builds/jpeg/arm64-v8a__ndk_target_21/jpeg/CMakeFiles/CMakeTmp

Run Build Command(s):/usr/bin/gmake -f Makefile cmTC_fcd43/fast && make -j12  -f CMakeFiles/cmTC_fcd43.dir/build.make CMakeFiles/cmTC_fcd43.dir/build
make[1]: Entering directory '/mnt/d/pycharm/pythonProject1/wsl/.buildozer/android/platform/build-arm64-v8a_armeabi-v7a/build/other_builds/jpeg/arm64-v8a__ndk_target_21/jpeg/CMakeFiles/CMakeTmp'
Building C object CMakeFiles/cmTC_fcd43.dir/CMakeCCompilerABI.c.o
/home/ajue/.buildozer/android/platform/android-ndk-r25b/toolchains/llvm/prebuilt/linux-x86_64/bin/clang --target=aarch64-none-linux-android21 --sysroot=/home/ajue/.buildozer/android/platform/android-ndk-r25b/toolchains/llvm/prebuilt/linux-x86_64/sysroot   -g -DANDROID -fdata-sections -ffunction-sections -funwind-tables -fstack-protector-strong -no-canonical-prefixes -D_FORTIFY_SOURCE=2 -Wformat   -fPIE   -v -MD -MT CMakeFiles/cmTC_fcd43.dir/CMakeCCompilerABI.c.o -MF CMakeFiles/cmTC_fcd43.dir/CMakeCCompilerABI.c.o.d -o CMakeFiles/cmTC_fcd43.dir/CMakeCCompilerABI.c.o -c /usr/share/cmake-3.22/Modules/CMakeCCompilerABI.c
Android (8490178, based on r450784d) clang version 14.0.6 (https://android.googlesource.com/toolchain/llvm-project 4c603efb0cca074e9238af8b4106c30add4418f6)
Target: aarch64-none-linux-android21
Thread model: posix
InstalledDir: /home/ajue/.buildozer/android/platform/android-ndk-r25b/toolchains/llvm/prebuilt/linux-x86_64/bin
 (in-process)
 "/home/ajue/.buildozer/android/platform/android-ndk-r25b/toolchains/llvm/prebuilt/linux-x86_64/bin/clang" -cc1 -triple aarch64-none-linux-android21 -emit-obj -mrelax-all --mrelax-relocations -disable-free -clear-ast-before-backend -disable-llvm-verifier -discard-value-names -main-file-name CMakeCCompilerABI.c -mrelocation-model pic -pic-level 2 -pic-is-pie -mframe-pointer=non-leaf -ffp-contract=on -fno-rounding-math -mconstructor-aliases -funwind-tables=2 -target-cpu generic -target-feature +neon -target-feature +v8a -target-feature +fix-cortex-a53-835769 -target-abi aapcs -fallow-half-arguments-and-returns -mllvm -treat-scalable-fixed-error-as-warning -debug-info-kind=constructor -dwarf-version=4 -debugger-tuning=gdb -v -ffunction-sections -fdata-sections -fcoverage-compilation-dir=/mnt/d/pycharm/pythonProject1/wsl/.buildozer/android/platform/build-arm64-v8a_armeabi-v7a/build/other_builds/jpeg/arm64-v8a__ndk_target_21/jpeg/CMakeFiles/CMakeTmp -resource-dir /home/ajue/.buildozer/android/platform/android-ndk-r25b/toolchains/llvm/prebuilt/linux-x86_64/lib64/clang/14.0.6 -dependency-file CMakeFiles/cmTC_fcd43.dir/CMakeCCompilerABI.c.o.d -MT CMakeFiles/cmTC_fcd43.dir/CMakeCCompilerABI.c.o -sys-header-deps -D ANDROID -D _FORTIFY_SOURCE=2 -isysroot /home/ajue/.buildozer/android/platform/android-ndk-r25b/toolchains/llvm/prebuilt/linux-x86_64/sysroot -internal-isystem /home/ajue/.buildozer/android/platform/android-ndk-r25b/toolchains/llvm/prebuilt/linux-x86_64/lib64/clang/14.0.6/include -internal-isystem /home/ajue/.buildozer/android/platform/android-ndk-r25b/toolchains/llvm/prebuilt/linux-x86_64/sysroot/usr/local/include -internal-externc-isystem /home/ajue/.buildozer/android/platform/android-ndk-r25b/toolchains/llvm/prebuilt/linux-x86_64/sysroot/usr/include/aarch64-linux-android -internal-externc-isystem /home/ajue/.buildozer/android/platform/android-ndk-r25b/toolchains/llvm/prebuilt/linux-x86_64/sysroot/include -internal-externc-isystem /home/ajue/.buildozer/android/platform/android-ndk-r25b/toolchains/llvm/prebuilt/linux-x86_64/sysroot/usr/include -Wformat -fdebug-compilation-dir=/mnt/d/pycharm/pythonProject1/wsl/.buildozer/android/platform/build-arm64-v8a_armeabi-v7a/build/other_builds/jpeg/arm64-v8a__ndk_target_21/jpeg/CMakeFiles/CMakeTmp -ferror-limit 19 -stack-protector 2 -fno-signed-char -fgnuc-version=4.2.1 -target-feature +outline-atomics -D__GCC_HAVE_DWARF2_CFI_ASM=1 -o CMakeFiles/cmTC_fcd43.dir/CMakeCCompilerABI.c.o -x c /usr/share/cmake-3.22/Modules/CMakeCCompilerABI.c
clang -cc1 version 14.0.6 based upon LLVM 14.0.6git default target x86_64-unknown-linux-gnu
ignoring nonexistent directory "/home/ajue/.buildozer/android/platform/android-ndk-r25b/toolchains/llvm/prebuilt/linux-x86_64/sysroot/include"
#include "..." search starts here:
#include <...> search starts here:
 /home/ajue/.buildozer/android/platform/android-ndk-r25b/toolchains/llvm/prebuilt/linux-x86_64/lib64/clang/14.0.6/include
 /home/ajue/.buildozer/android/platform/android-ndk-r25b/toolchains/llvm/prebuilt/linux-x86_64/sysroot/usr/local/include
 /home/ajue/.buildozer/android/platform/android-ndk-r25b/toolchains/llvm/prebuilt/linux-x86_64/sysroot/usr/include/aarch64-linux-android
 /home/ajue/.buildozer/android/platform/android-ndk-r25b/toolchains/llvm/prebuilt/linux-x86_64/sysroot/usr/include
End of search list.
Linking C executable cmTC_fcd43
/usr/bin/cmake -E cmake_link_script CMakeFiles/cmTC_fcd43.dir/link.txt --verbose=1
/home/ajue/.buildozer/android/platform/android-ndk-r25b/toolchains/llvm/prebuilt/linux-x86_64/bin/clang --target=aarch64-none-linux-android21 --sysroot=/home/ajue/.buildozer/android/platform/android-ndk-r25b/toolchains/llvm/prebuilt/linux-x86_64/sysroot -g -DANDROID -fdata-sections -ffunction-sections -funwind-tables -fstack-protector-strong -no-canonical-prefixes -D_FORTIFY_SOURCE=2 -Wformat   -static-libstdc++ -Wl,--build-id=sha1 -Wl,--no-rosegment -Wl,--fatal-warnings -Wl,--gc-sections -Wl,--no-undefined -Qunused-arguments -Wl,--gc-sections  -v CMakeFiles/cmTC_fcd43.dir/CMakeCCompilerABI.c.o -o cmTC_fcd43 
Android (8490178, based on r450784d) clang version 14.0.6 (https://android.googlesource.com/toolchain/llvm-project 4c603efb0cca074e9238af8b4106c30add4418f6)
Target: aarch64-none-linux-android21
Thread model: posix
InstalledDir: /home/ajue/.buildozer/android/platform/android-ndk-r25b/toolchains/llvm/prebuilt/linux-x86_64/bin
 "/home/ajue/.buildozer/android/platform/android-ndk-r25b/toolchains/llvm/prebuilt/linux-x86_64/bin/ld" --sysroot=/home/ajue/.buildozer/android/platform/android-ndk-r25b/toolchains/llvm/prebuilt/linux-x86_64/sysroot -pie -EL --fix-cortex-a53-843419 --warn-shared-textrel -z now -z relro -z max-page-size=4096 --hash-style=gnu --hash-style=both --enable-new-dtags --eh-frame-hdr -m aarch64linux -dynamic-linker /system/bin/linker64 -o cmTC_fcd43 /home/ajue/.buildozer/android/platform/android-ndk-r25b/toolchains/llvm/prebuilt/linux-x86_64/sysroot/usr/lib/aarch64-linux-android/21/crtbegin_dynamic.o -L/home/ajue/.buildozer/android/platform/android-ndk-r25b/toolchains/llvm/prebuilt/linux-x86_64/lib64/clang/14.0.6/lib/linux/aarch64 -L/home/ajue/.buildozer/android/platform/android-ndk-r25b/toolchains/llvm/prebuilt/linux-x86_64/sysroot/usr/lib/aarch64-linux-android/21 -L/home/ajue/.buildozer/android/platform/android-ndk-r25b/toolchains/llvm/prebuilt/linux-x86_64/sysroot/usr/lib/aarch64-linux-android -L/home/ajue/.buildozer/android/platform/android-ndk-r25b/toolchains/llvm/prebuilt/linux-x86_64/sysroot/usr/lib --build-id=sha1 --no-rosegment --fatal-warnings --gc-sections --no-undefined --gc-sections CMakeFiles/cmTC_fcd43.dir/CMakeCCompilerABI.c.o /home/ajue/.buildozer/android/platform/android-ndk-r25b/toolchains/llvm/prebuilt/linux-x86_64/lib64/clang/14.0.6/lib/linux/libclang_rt.builtins-aarch64-android.a -l:libunwind.a -ldl -lc /home/ajue/.buildozer/android/platform/android-ndk-r25b/toolchains/llvm/prebuilt/linux-x86_64/lib64/clang/14.0.6/lib/linux/libclang_rt.builtins-aarch64-android.a -l:libunwind.a -ldl /home/ajue/.buildozer/android/platform/android-ndk-r25b/toolchains/llvm/prebuilt/linux-x86_64/sysroot/usr/lib/aarch64-linux-android/21/crtend_android.o
make[1]: Leaving directory '/mnt/d/pycharm/pythonProject1/wsl/.buildozer/android/platform/build-arm64-v8a_armeabi-v7a/build/other_builds/jpeg/arm64-v8a__ndk_target_21/jpeg/CMakeFiles/CMakeTmp'



Parsed C implicit include dir info from above output: rv=done
  found start of include info
  found start of implicit include info
    add: [/home/ajue/.buildozer/android/platform/android-ndk-r25b/toolchains/llvm/prebuilt/linux-x86_64/lib64/clang/14.0.6/include]
    add: [/home/ajue/.buildozer/android/platform/android-ndk-r25b/toolchains/llvm/prebuilt/linux-x86_64/sysroot/usr/local/include]
    add: [/home/ajue/.buildozer/android/platform/android-ndk-r25b/toolchains/llvm/prebuilt/linux-x86_64/sysroot/usr/include/aarch64-linux-android]
    add: [/home/ajue/.buildozer/android/platform/android-ndk-r25b/toolchains/llvm/prebuilt/linux-x86_64/sysroot/usr/include]
  end of search list found
  collapse include dir [/home/ajue/.buildozer/android/platform/android-ndk-r25b/toolchains/llvm/prebuilt/linux-x86_64/lib64/clang/14.0.6/include] ==> [/home/ajue/.buildozer/android/platform/android-ndk-r25b/toolchains/llvm/prebuilt/linux-x86_64/lib64/clang/14.0.6/include]
  collapse include dir [/home/ajue/.buildozer/android/platform/android-ndk-r25b/toolchains/llvm/prebuilt/linux-x86_64/sysroot/usr/local/include] ==> [/home/ajue/.buildozer/android/platform/android-ndk-r25b/toolchains/llvm/prebuilt/linux-x86_64/sysroot/usr/local/include]
  collapse include dir [/home/ajue/.buildozer/android/platform/android-ndk-r25b/toolchains/llvm/prebuilt/linux-x86_64/sysroot/usr/include/aarch64-linux-android] ==> [/home/ajue/.buildozer/android/platform/android-ndk-r25b/toolchains/llvm/prebuilt/linux-x86_64/sysroot/usr/include/aarch64-linux-android]
  collapse include dir [/home/ajue/.buildozer/android/platform/android-ndk-r25b/toolchains/llvm/prebuilt/linux-x86_64/sysroot/usr/include] ==> [/home/ajue/.buildozer/android/platform/android-ndk-r25b/toolchains/llvm/prebuilt/linux-x86_64/sysroot/usr/include]
  implicit include dirs: [/home/ajue/.buildozer/android/platform/android-ndk-r25b/toolchains/llvm/prebuilt/linux-x86_64/lib64/clang/14.0.6/include;/home/ajue/.buildozer/android/platform/android-ndk-r25b/toolchains/llvm/prebuilt/linux-x86_64/sysroot/usr/local/include;/home/ajue/.buildozer/android/platform/android-ndk-r25b/toolchains/llvm/prebuilt/linux-x86_64/sysroot/usr/include/aarch64-linux-android;/home/ajue/.buildozer/android/platform/android-ndk-r25b/toolchains/llvm/prebuilt/linux-x86_64/sysroot/usr/include]


Parsed C implicit link information from above output:
  link line regex: [^( *|.*[/\])(ld\.lld|CMAKE_LINK_STARTFILE-NOTFOUND|([^/\]+-)?ld|collect2)[^/\]*( |$)]
  ignore line: [Change Dir: /mnt/d/pycharm/pythonProject1/wsl/.buildozer/android/platform/build-arm64-v8a_armeabi-v7a/build/other_builds/jpeg/arm64-v8a__ndk_target_21/jpeg/CMakeFiles/CMakeTmp]
  ignore line: []
  ignore line: [Run Build Command(s):/usr/bin/gmake -f Makefile cmTC_fcd43/fast && make -j12  -f CMakeFiles/cmTC_fcd43.dir/build.make CMakeFiles/cmTC_fcd43.dir/build]
  ignore line: [make[1]: Entering directory '/mnt/d/pycharm/pythonProject1/wsl/.buildozer/android/platform/build-arm64-v8a_armeabi-v7a/build/other_builds/jpeg/arm64-v8a__ndk_target_21/jpeg/CMakeFiles/CMakeTmp']
  ignore line: [Building C object CMakeFiles/cmTC_fcd43.dir/CMakeCCompilerABI.c.o]
  ignore line: [/home/ajue/.buildozer/android/platform/android-ndk-r25b/toolchains/llvm/prebuilt/linux-x86_64/bin/clang --target=aarch64-none-linux-android21 --sysroot=/home/ajue/.buildozer/android/platform/android-ndk-r25b/toolchains/llvm/prebuilt/linux-x86_64/sysroot   -g -DANDROID -fdata-sections -ffunction-sections -funwind-tables -fstack-protector-strong -no-canonical-prefixes -D_FORTIFY_SOURCE=2 -Wformat   -fPIE   -v -MD -MT CMakeFiles/cmTC_fcd43.dir/CMakeCCompilerABI.c.o -MF CMakeFiles/cmTC_fcd43.dir/CMakeCCompilerABI.c.o.d -o CMakeFiles/cmTC_fcd43.dir/CMakeCCompilerABI.c.o -c /usr/share/cmake-3.22/Modules/CMakeCCompilerABI.c]
  ignore line: [Android (8490178  based on r450784d) clang version 14.0.6 (https://android.googlesource.com/toolchain/llvm-project 4c603efb0cca074e9238af8b4106c30add4418f6)]
  ignore line: [Target: aarch64-none-linux-android21]
  ignore line: [Thread model: posix]
  ignore line: [InstalledDir: /home/ajue/.buildozer/android/platform/android-ndk-r25b/toolchains/llvm/prebuilt/linux-x86_64/bin]
  ignore line: [ (in-process)]
  ignore line: [ "/home/ajue/.buildozer/android/platform/android-ndk-r25b/toolchains/llvm/prebuilt/linux-x86_64/bin/clang" -cc1 -triple aarch64-none-linux-android21 -emit-obj -mrelax-all --mrelax-relocations -disable-free -clear-ast-before-backend -disable-llvm-verifier -discard-value-names -main-file-name CMakeCCompilerABI.c -mrelocation-model pic -pic-level 2 -pic-is-pie -mframe-pointer=non-leaf -ffp-contract=on -fno-rounding-math -mconstructor-aliases -funwind-tables=2 -target-cpu generic -target-feature +neon -target-feature +v8a -target-feature +fix-cortex-a53-835769 -target-abi aapcs -fallow-half-arguments-and-returns -mllvm -treat-scalable-fixed-error-as-warning -debug-info-kind=constructor -dwarf-version=4 -debugger-tuning=gdb -v -ffunction-sections -fdata-sections -fcoverage-compilation-dir=/mnt/d/pycharm/pythonProject1/wsl/.buildozer/android/platform/build-arm64-v8a_armeabi-v7a/build/other_builds/jpeg/arm64-v8a__ndk_target_21/jpeg/CMakeFiles/CMakeTmp -resource-dir /home/ajue/.buildozer/android/platform/android-ndk-r25b/toolchains/llvm/prebuilt/linux-x86_64/lib64/clang/14.0.6 -dependency-file CMakeFiles/cmTC_fcd43.dir/CMakeCCompilerABI.c.o.d -MT CMakeFiles/cmTC_fcd43.dir/CMakeCCompilerABI.c.o -sys-header-deps -D ANDROID -D _FORTIFY_SOURCE=2 -isysroot /home/ajue/.buildozer/android/platform/android-ndk-r25b/toolchains/llvm/prebuilt/linux-x86_64/sysroot -internal-isystem /home/ajue/.buildozer/android/platform/android-ndk-r25b/toolchains/llvm/prebuilt/linux-x86_64/lib64/clang/14.0.6/include -internal-isystem /home/ajue/.buildozer/android/platform/android-ndk-r25b/toolchains/llvm/prebuilt/linux-x86_64/sysroot/usr/local/include -internal-externc-isystem /home/ajue/.buildozer/android/platform/android-ndk-r25b/toolchains/llvm/prebuilt/linux-x86_64/sysroot/usr/include/aarch64-linux-android -internal-externc-isystem /home/ajue/.buildozer/android/platform/android-ndk-r25b/toolchains/llvm/prebuilt/linux-x86_64/sysroot/include -internal-externc-isystem /home/ajue/.buildozer/android/platform/android-ndk-r25b/toolchains/llvm/prebuilt/linux-x86_64/sysroot/usr/include -Wformat -fdebug-compilation-dir=/mnt/d/pycharm/pythonProject1/wsl/.buildozer/android/platform/build-arm64-v8a_armeabi-v7a/build/other_builds/jpeg/arm64-v8a__ndk_target_21/jpeg/CMakeFiles/CMakeTmp -ferror-limit 19 -stack-protector 2 -fno-signed-char -fgnuc-version=4.2.1 -target-feature +outline-atomics -D__GCC_HAVE_DWARF2_CFI_ASM=1 -o CMakeFiles/cmTC_fcd43.dir/CMakeCCompilerABI.c.o -x c /usr/share/cmake-3.22/Modules/CMakeCCompilerABI.c]
  ignore line: [clang -cc1 version 14.0.6 based upon LLVM 14.0.6git default target x86_64-unknown-linux-gnu]
  ignore line: [ignoring nonexistent directory "/home/ajue/.buildozer/android/platform/android-ndk-r25b/toolchains/llvm/prebuilt/linux-x86_64/sysroot/include"]
  ignore line: [#include "..." search starts here:]
  ignore line: [#include <...> search starts here:]
  ignore line: [ /home/ajue/.buildozer/android/platform/android-ndk-r25b/toolchains/llvm/prebuilt/linux-x86_64/lib64/clang/14.0.6/include]
  ignore line: [ /home/ajue/.buildozer/android/platform/android-ndk-r25b/toolchains/llvm/prebuilt/linux-x86_64/sysroot/usr/local/include]
  ignore line: [ /home/ajue/.buildozer/android/platform/android-ndk-r25b/toolchains/llvm/prebuilt/linux-x86_64/sysroot/usr/include/aarch64-linux-android]
  ignore line: [ /home/ajue/.buildozer/android/platform/android-ndk-r25b/toolchains/llvm/prebuilt/linux-x86_64/sysroot/usr/include]
  ignore line: [End of search list.]
  ignore line: [Linking C executable cmTC_fcd43]
  ignore line: [/usr/bin/cmake -E cmake_link_script CMakeFiles/cmTC_fcd43.dir/link.txt --verbose=1]
  ignore line: [/home/ajue/.buildozer/android/platform/android-ndk-r25b/toolchains/llvm/prebuilt/linux-x86_64/bin/clang --target=aarch64-none-linux-android21 --sysroot=/home/ajue/.buildozer/android/platform/android-ndk-r25b/toolchains/llvm/prebuilt/linux-x86_64/sysroot -g -DANDROID -fdata-sections -ffunction-sections -funwind-tables -fstack-protector-strong -no-canonical-prefixes -D_FORTIFY_SOURCE=2 -Wformat   -static-libstdc++ -Wl --build-id=sha1 -Wl --no-rosegment -Wl --fatal-warnings -Wl --gc-sections -Wl --no-undefined -Qunused-arguments -Wl --gc-sections  -v CMakeFiles/cmTC_fcd43.dir/CMakeCCompilerABI.c.o -o cmTC_fcd43 ]
  ignore line: [Android (8490178  based on r450784d) clang version 14.0.6 (https://android.googlesource.com/toolchain/llvm-project 4c603efb0cca074e9238af8b4106c30add4418f6)]
  ignore line: [Target: aarch64-none-linux-android21]
  ignore line: [Thread model: posix]
  ignore line: [InstalledDir: /home/ajue/.buildozer/android/platform/android-ndk-r25b/toolchains/llvm/prebuilt/linux-x86_64/bin]
  link line: [ "/home/ajue/.buildozer/android/platform/android-ndk-r25b/toolchains/llvm/prebuilt/linux-x86_64/bin/ld" --sysroot=/home/ajue/.buildozer/android/platform/android-ndk-r25b/toolchains/llvm/prebuilt/linux-x86_64/sysroot -pie -EL --fix-cortex-a53-843419 --warn-shared-textrel -z now -z relro -z max-page-size=4096 --hash-style=gnu --hash-style=both --enable-new-dtags --eh-frame-hdr -m aarch64linux -dynamic-linker /system/bin/linker64 -o cmTC_fcd43 /home/ajue/.buildozer/android/platform/android-ndk-r25b/toolchains/llvm/prebuilt/linux-x86_64/sysroot/usr/lib/aarch64-linux-android/21/crtbegin_dynamic.o -L/home/ajue/.buildozer/android/platform/android-ndk-r25b/toolchains/llvm/prebuilt/linux-x86_64/lib64/clang/14.0.6/lib/linux/aarch64 -L/home/ajue/.buildozer/android/platform/android-ndk-r25b/toolchains/llvm/prebuilt/linux-x86_64/sysroot/usr/lib/aarch64-linux-android/21 -L/home/ajue/.buildozer/android/platform/android-ndk-r25b/toolchains/llvm/prebuilt/linux-x86_64/sysroot/usr/lib/aarch64-linux-android -L/home/ajue/.buildozer/android/platform/android-ndk-r25b/toolchains/llvm/prebuilt/linux-x86_64/sysroot/usr/lib --build-id=sha1 --no-rosegment --fatal-warnings --gc-sections --no-undefined --gc-sections CMakeFiles/cmTC_fcd43.dir/CMakeCCompilerABI.c.o /home/ajue/.buildozer/android/platform/android-ndk-r25b/toolchains/llvm/prebuilt/linux-x86_64/lib64/clang/14.0.6/lib/linux/libclang_rt.builtins-aarch64-android.a -l:libunwind.a -ldl -lc /home/ajue/.buildozer/android/platform/android-ndk-r25b/toolchains/llvm/prebuilt/linux-x86_64/lib64/clang/14.0.6/lib/linux/libclang_rt.builtins-aarch64-android.a -l:libunwind.a -ldl /home/ajue/.buildozer/android/platform/android-ndk-r25b/toolchains/llvm/prebuilt/linux-x86_64/sysroot/usr/lib/aarch64-linux-android/21/crtend_android.o]
    arg [/home/ajue/.buildozer/android/platform/android-ndk-r25b/toolchains/llvm/prebuilt/linux-x86_64/bin/ld] ==> ignore
    arg [--sysroot=/home/ajue/.buildozer/android/platform/android-ndk-r25b/toolchains/llvm/prebuilt/linux-x86_64/sysroot] ==> ignore
    arg [-pie] ==> ignore
    arg [-EL] ==> ignore
    arg [--fix-cortex-a53-843419] ==> ignore
    arg [--warn-shared-textrel] ==> ignore
    arg [-znow] ==> ignore
    arg [-zrelro] ==> ignore
    arg [-zmax-page-size=4096] ==> ignore
    arg [--hash-style=gnu] ==> ignore
    arg [--hash-style=both] ==> ignore
    arg [--enable-new-dtags] ==> ignore
    arg [--eh-frame-hdr] ==> ignore
    arg [-m] ==> ignore
    arg [aarch64linux] ==> ignore
    arg [-dynamic-linker] ==> ignore
    arg [/system/bin/linker64] ==> ignore
    arg [-o] ==> ignore
    arg [cmTC_fcd43] ==> ignore
    arg [/home/ajue/.buildozer/android/platform/android-ndk-r25b/toolchains/llvm/prebuilt/linux-x86_64/sysroot/usr/lib/aarch64-linux-android/21/crtbegin_dynamic.o] ==> obj [/home/ajue/.buildozer/android/platform/android-ndk-r25b/toolchains/llvm/prebuilt/linux-x86_64/sysroot/usr/lib/aarch64-linux-android/21/crtbegin_dynamic.o]
    arg [-L/home/ajue/.buildozer/android/platform/android-ndk-r25b/toolchains/llvm/prebuilt/linux-x86_64/lib64/clang/14.0.6/lib/linux/aarch64] ==> dir [/home/ajue/.buildozer/android/platform/android-ndk-r25b/toolchains/llvm/prebuilt/linux-x86_64/lib64/clang/14.0.6/lib/linux/aarch64]
    arg [-L/home/ajue/.buildozer/android/platform/android-ndk-r25b/toolchains/llvm/prebuilt/linux-x86_64/sysroot/usr/lib/aarch64-linux-android/21] ==> dir [/home/ajue/.buildozer/android/platform/android-ndk-r25b/toolchains/llvm/prebuilt/linux-x86_64/sysroot/usr/lib/aarch64-linux-android/21]
    arg [-L/home/ajue/.buildozer/android/platform/android-ndk-r25b/toolchains/llvm/prebuilt/linux-x86_64/sysroot/usr/lib/aarch64-linux-android] ==> dir [/home/ajue/.buildozer/android/platform/android-ndk-r25b/toolchains/llvm/prebuilt/linux-x86_64/sysroot/usr/lib/aarch64-linux-android]
    arg [-L/home/ajue/.buildozer/android/platform/android-ndk-r25b/toolchains/llvm/prebuilt/linux-x86_64/sysroot/usr/lib] ==> dir [/home/ajue/.buildozer/android/platform/android-ndk-r25b/toolchains/llvm/prebuilt/linux-x86_64/sysroot/usr/lib]
    arg [--build-id=sha1] ==> ignore
    arg [--no-rosegment] ==> ignore
    arg [--fatal-warnings] ==> ignore
    arg [--gc-sections] ==> ignore
    arg [--no-undefined] ==> ignore
    arg [--gc-sections] ==> ignore
    arg [CMakeFiles/cmTC_fcd43.dir/CMakeCCompilerABI.c.o] ==> ignore
    arg [/home/ajue/.buildozer/android/platform/android-ndk-r25b/toolchains/llvm/prebuilt/linux-x86_64/lib64/clang/14.0.6/lib/linux/libclang_rt.builtins-aarch64-android.a] ==> lib [/home/ajue/.buildozer/android/platform/android-ndk-r25b/toolchains/llvm/prebuilt/linux-x86_64/lib64/clang/14.0.6/lib/linux/libclang_rt.builtins-aarch64-android.a]
    arg [-l:libunwind.a] ==> lib [-l:libunwind.a]
    arg [-ldl] ==> lib [dl]
    arg [-lc] ==> lib [c]
    arg [/home/ajue/.buildozer/android/platform/android-ndk-r25b/toolchains/llvm/prebuilt/linux-x86_64/lib64/clang/14.0.6/lib/linux/libclang_rt.builtins-aarch64-android.a] ==> lib [/home/ajue/.buildozer/android/platform/android-ndk-r25b/toolchains/llvm/prebuilt/linux-x86_64/lib64/clang/14.0.6/lib/linux/libclang_rt.builtins-aarch64-android.a]
    arg [-l:libunwind.a] ==> lib [-l:libunwind.a]
    arg [-ldl] ==> lib [dl]
    arg [/home/ajue/.buildozer/android/platform/android-ndk-r25b/toolchains/llvm/prebuilt/linux-x86_64/sysroot/usr/lib/aarch64-linux-android/21/crtend_android.o] ==> obj [/home/ajue/.buildozer/android/platform/android-ndk-r25b/toolchains/llvm/prebuilt/linux-x86_64/sysroot/usr/lib/aarch64-linux-android/21/crtend_android.o]
  remove lib [/home/ajue/.buildozer/android/platform/android-ndk-r25b/toolchains/llvm/prebuilt/linux-x86_64/lib64/clang/14.0.6/lib/linux/libclang_rt.builtins-aarch64-android.a]
  remove lib [/home/ajue/.buildozer/android/platform/android-ndk-r25b/toolchains/llvm/prebuilt/linux-x86_64/lib64/clang/14.0.6/lib/linux/libclang_rt.builtins-aarch64-android.a]
  collapse library dir [/home/ajue/.buildozer/android/platform/android-ndk-r25b/toolchains/llvm/prebuilt/linux-x86_64/lib64/clang/14.0.6/lib/linux/aarch64] ==> [/home/ajue/.buildozer/android/platform/android-ndk-r25b/toolchains/llvm/prebuilt/linux-x86_64/lib64/clang/14.0.6/lib/linux/aarch64]
  collapse library dir [/home/ajue/.buildozer/android/platform/android-ndk-r25b/toolchains/llvm/prebuilt/linux-x86_64/sysroot/usr/lib/aarch64-linux-android/21] ==> [/home/ajue/.buildozer/android/platform/android-ndk-r25b/toolchains/llvm/prebuilt/linux-x86_64/sysroot/usr/lib/aarch64-linux-android/21]
  collapse library dir [/home/ajue/.buildozer/android/platform/android-ndk-r25b/toolchains/llvm/prebuilt/linux-x86_64/sysroot/usr/lib/aarch64-linux-android] ==> [/home/ajue/.buildozer/android/platform/android-ndk-r25b/toolchains/llvm/prebuilt/linux-x86_64/sysroot/usr/lib/aarch64-linux-android]
  collapse library dir [/home/ajue/.buildozer/android/platform/android-ndk-r25b/toolchains/llvm/prebuilt/linux-x86_64/sysroot/usr/lib] ==> [/home/ajue/.buildozer/android/platform/android-ndk-r25b/toolchains/llvm/prebuilt/linux-x86_64/sysroot/usr/lib]
  implicit libs: [-l:libunwind.a;dl;c;-l:libunwind.a;dl]
  implicit objs: [/home/ajue/.buildozer/android/platform/android-ndk-r25b/toolchains/llvm/prebuilt/linux-x86_64/sysroot/usr/lib/aarch64-linux-android/21/crtbegin_dynamic.o;/home/ajue/.buildozer/android/platform/android-ndk-r25b/toolchains/llvm/prebuilt/linux-x86_64/sysroot/usr/lib/aarch64-linux-android/21/crtend_android.o]
  implicit dirs: [/home/ajue/.buildozer/android/platform/android-ndk-r25b/toolchains/llvm/prebuilt/linux-x86_64/lib64/clang/14.0.6/lib/linux/aarch64;/home/ajue/.buildozer/android/platform/android-ndk-r25b/toolchains/llvm/prebuilt/linux-x86_64/sysroot/usr/lib/aarch64-linux-android/21;/home/ajue/.buildozer/android/platform/android-ndk-r25b/toolchains/llvm/prebuilt/linux-x86_64/sysroot/usr/lib/aarch64-linux-android;/home/ajue/.buildozer/android/platform/android-ndk-r25b/toolchains/llvm/prebuilt/linux-x86_64/sysroot/usr/lib]
  implicit fwks: []


Determining if the include file sys/types.h exists passed with the following output:
Change Dir: /mnt/d/pycharm/pythonProject1/wsl/.buildozer/android/platform/build-arm64-v8a_armeabi-v7a/build/other_builds/jpeg/arm64-v8a__ndk_target_21/jpeg/CMakeFiles/CMakeTmp

Run Build Command(s):/usr/bin/gmake -f Makefile cmTC_2b33a/fast && make -j12  -f CMakeFiles/cmTC_2b33a.dir/build.make CMakeFiles/cmTC_2b33a.dir/build
make[1]: Entering directory '/mnt/d/pycharm/pythonProject1/wsl/.buildozer/android/platform/build-arm64-v8a_armeabi-v7a/build/other_builds/jpeg/arm64-v8a__ndk_target_21/jpeg/CMakeFiles/CMakeTmp'
Building C object CMakeFiles/cmTC_2b33a.dir/CheckIncludeFile.c.o
/home/ajue/.buildozer/android/platform/android-ndk-r25b/toolchains/llvm/prebuilt/linux-x86_64/bin/clang --target=aarch64-none-linux-android21 --sysroot=/home/ajue/.buildozer/android/platform/android-ndk-r25b/toolchains/llvm/prebuilt/linux-x86_64/sysroot   -g -DANDROID -fdata-sections -ffunction-sections -funwind-tables -fstack-protector-strong -no-canonical-prefixes -D_FORTIFY_SOURCE=2 -Wformat -Werror=format-security   -fPIE -MD -MT CMakeFiles/cmTC_2b33a.dir/CheckIncludeFile.c.o -MF CMakeFiles/cmTC_2b33a.dir/CheckIncludeFile.c.o.d -o CMakeFiles/cmTC_2b33a.dir/CheckIncludeFile.c.o -c /mnt/d/pycharm/pythonProject1/wsl/.buildozer/android/platform/build-arm64-v8a_armeabi-v7a/build/other_builds/jpeg/arm64-v8a__ndk_target_21/jpeg/CMakeFiles/CMakeTmp/CheckIncludeFile.c
Linking C executable cmTC_2b33a
/usr/bin/cmake -E cmake_link_script CMakeFiles/cmTC_2b33a.dir/link.txt --verbose=1
/home/ajue/.buildozer/android/platform/android-ndk-r25b/toolchains/llvm/prebuilt/linux-x86_64/bin/clang --target=aarch64-none-linux-android21 --sysroot=/home/ajue/.buildozer/android/platform/android-ndk-r25b/toolchains/llvm/prebuilt/linux-x86_64/sysroot -g -DANDROID -fdata-sections -ffunction-sections -funwind-tables -fstack-protector-strong -no-canonical-prefixes -D_FORTIFY_SOURCE=2 -Wformat -Werror=format-security   -static-libstdc++ -Wl,--build-id=sha1 -Wl,--no-rosegment -Wl,--fatal-warnings -Wl,--gc-sections -Wl,--no-undefined -Qunused-arguments -Wl,--gc-sections   CMakeFiles/cmTC_2b33a.dir/CheckIncludeFile.c.o -o cmTC_2b33a  -latomic -lm 
make[1]: Leaving directory '/mnt/d/pycharm/pythonProject1/wsl/.buildozer/android/platform/build-arm64-v8a_armeabi-v7a/build/other_builds/jpeg/arm64-v8a__ndk_target_21/jpeg/CMakeFiles/CMakeTmp'



Determining if the include file stdint.h exists passed with the following output:
Change Dir: /mnt/d/pycharm/pythonProject1/wsl/.buildozer/android/platform/build-arm64-v8a_armeabi-v7a/build/other_builds/jpeg/arm64-v8a__ndk_target_21/jpeg/CMakeFiles/CMakeTmp

Run Build Command(s):/usr/bin/gmake -f Makefile cmTC_37c8d/fast && make -j12  -f CMakeFiles/cmTC_37c8d.dir/build.make CMakeFiles/cmTC_37c8d.dir/build
make[1]: Entering directory '/mnt/d/pycharm/pythonProject1/wsl/.buildozer/android/platform/build-arm64-v8a_armeabi-v7a/build/other_builds/jpeg/arm64-v8a__ndk_target_21/jpeg/CMakeFiles/CMakeTmp'
Building C object CMakeFiles/cmTC_37c8d.dir/CheckIncludeFile.c.o
/home/ajue/.buildozer/android/platform/android-ndk-r25b/toolchains/llvm/prebuilt/linux-x86_64/bin/clang --target=aarch64-none-linux-android21 --sysroot=/home/ajue/.buildozer/android/platform/android-ndk-r25b/toolchains/llvm/prebuilt/linux-x86_64/sysroot   -g -DANDROID -fdata-sections -ffunction-sections -funwind-tables -fstack-protector-strong -no-canonical-prefixes -D_FORTIFY_SOURCE=2 -Wformat -Werror=format-security   -fPIE -MD -MT CMakeFiles/cmTC_37c8d.dir/CheckIncludeFile.c.o -MF CMakeFiles/cmTC_37c8d.dir/CheckIncludeFile.c.o.d -o CMakeFiles/cmTC_37c8d.dir/CheckIncludeFile.c.o -c /mnt/d/pycharm/pythonProject1/wsl/.buildozer/android/platform/build-arm64-v8a_armeabi-v7a/build/other_builds/jpeg/arm64-v8a__ndk_target_21/jpeg/CMakeFiles/CMakeTmp/CheckIncludeFile.c
Linking C executable cmTC_37c8d
/usr/bin/cmake -E cmake_link_script CMakeFiles/cmTC_37c8d.dir/link.txt --verbose=1
/home/ajue/.buildozer/android/platform/android-ndk-r25b/toolchains/llvm/prebuilt/linux-x86_64/bin/clang --target=aarch64-none-linux-android21 --sysroot=/home/ajue/.buildozer/android/platform/android-ndk-r25b/toolchains/llvm/prebuilt/linux-x86_64/sysroot -g -DANDROID -fdata-sections -ffunction-sections -funwind-tables -fstack-protector-strong -no-canonical-prefixes -D_FORTIFY_SOURCE=2 -Wformat -Werror=format-security   -static-libstdc++ -Wl,--build-id=sha1 -Wl,--no-rosegment -Wl,--fatal-warnings -Wl,--gc-sections -Wl,--no-undefined -Qunused-arguments -Wl,--gc-sections   CMakeFiles/cmTC_37c8d.dir/CheckIncludeFile.c.o -o cmTC_37c8d  -latomic -lm 
make[1]: Leaving directory '/mnt/d/pycharm/pythonProject1/wsl/.buildozer/android/platform/build-arm64-v8a_armeabi-v7a/build/other_builds/jpeg/arm64-v8a__ndk_target_21/jpeg/CMakeFiles/CMakeTmp'



Determining if the include file stddef.h exists passed with the following output:
Change Dir: /mnt/d/pycharm/pythonProject1/wsl/.buildozer/android/platform/build-arm64-v8a_armeabi-v7a/build/other_builds/jpeg/arm64-v8a__ndk_target_21/jpeg/CMakeFiles/CMakeTmp

Run Build Command(s):/usr/bin/gmake -f Makefile cmTC_cd088/fast && make -j12  -f CMakeFiles/cmTC_cd088.dir/build.make CMakeFiles/cmTC_cd088.dir/build
make[1]: Entering directory '/mnt/d/pycharm/pythonProject1/wsl/.buildozer/android/platform/build-arm64-v8a_armeabi-v7a/build/other_builds/jpeg/arm64-v8a__ndk_target_21/jpeg/CMakeFiles/CMakeTmp'
Building C object CMakeFiles/cmTC_cd088.dir/CheckIncludeFile.c.o
/home/ajue/.buildozer/android/platform/android-ndk-r25b/toolchains/llvm/prebuilt/linux-x86_64/bin/clang --target=aarch64-none-linux-android21 --sysroot=/home/ajue/.buildozer/android/platform/android-ndk-r25b/toolchains/llvm/prebuilt/linux-x86_64/sysroot   -g -DANDROID -fdata-sections -ffunction-sections -funwind-tables -fstack-protector-strong -no-canonical-prefixes -D_FORTIFY_SOURCE=2 -Wformat -Werror=format-security   -fPIE -MD -MT CMakeFiles/cmTC_cd088.dir/CheckIncludeFile.c.o -MF CMakeFiles/cmTC_cd088.dir/CheckIncludeFile.c.o.d -o CMakeFiles/cmTC_cd088.dir/CheckIncludeFile.c.o -c /mnt/d/pycharm/pythonProject1/wsl/.buildozer/android/platform/build-arm64-v8a_armeabi-v7a/build/other_builds/jpeg/arm64-v8a__ndk_target_21/jpeg/CMakeFiles/CMakeTmp/CheckIncludeFile.c
Linking C executable cmTC_cd088
/usr/bin/cmake -E cmake_link_script CMakeFiles/cmTC_cd088.dir/link.txt --verbose=1
/home/ajue/.buildozer/android/platform/android-ndk-r25b/toolchains/llvm/prebuilt/linux-x86_64/bin/clang --target=aarch64-none-linux-android21 --sysroot=/home/ajue/.buildozer/android/platform/android-ndk-r25b/toolchains/llvm/prebuilt/linux-x86_64/sysroot -g -DANDROID -fdata-sections -ffunction-sections -funwind-tables -fstack-protector-strong -no-canonical-prefixes -D_FORTIFY_SOURCE=2 -Wformat -Werror=format-security   -static-libstdc++ -Wl,--build-id=sha1 -Wl,--no-rosegment -Wl,--fatal-warnings -Wl,--gc-sections -Wl,--no-undefined -Qunused-arguments -Wl,--gc-sections   CMakeFiles/cmTC_cd088.dir/CheckIncludeFile.c.o -o cmTC_cd088  -latomic -lm 
make[1]: Leaving directory '/mnt/d/pycharm/pythonProject1/wsl/.buildozer/android/platform/build-arm64-v8a_armeabi-v7a/build/other_builds/jpeg/arm64-v8a__ndk_target_21/jpeg/CMakeFiles/CMakeTmp'



Determining size of size_t passed with the following output:
Change Dir: /mnt/d/pycharm/pythonProject1/wsl/.buildozer/android/platform/build-arm64-v8a_armeabi-v7a/build/other_builds/jpeg/arm64-v8a__ndk_target_21/jpeg/CMakeFiles/CMakeTmp

Run Build Command(s):/usr/bin/gmake -f Makefile cmTC_c964d/fast && make -j12  -f CMakeFiles/cmTC_c964d.dir/build.make CMakeFiles/cmTC_c964d.dir/build
make[1]: Entering directory '/mnt/d/pycharm/pythonProject1/wsl/.buildozer/android/platform/build-arm64-v8a_armeabi-v7a/build/other_builds/jpeg/arm64-v8a__ndk_target_21/jpeg/CMakeFiles/CMakeTmp'
Building C object CMakeFiles/cmTC_c964d.dir/SIZE_T.c.o
/home/ajue/.buildozer/android/platform/android-ndk-r25b/toolchains/llvm/prebuilt/linux-x86_64/bin/clang --target=aarch64-none-linux-android21 --sysroot=/home/ajue/.buildozer/android/platform/android-ndk-r25b/toolchains/llvm/prebuilt/linux-x86_64/sysroot   -g -DANDROID -fdata-sections -ffunction-sections -funwind-tables -fstack-protector-strong -no-canonical-prefixes -D_FORTIFY_SOURCE=2 -Wformat -Werror=format-security   -fPIE -MD -MT CMakeFiles/cmTC_c964d.dir/SIZE_T.c.o -MF CMakeFiles/cmTC_c964d.dir/SIZE_T.c.o.d -o CMakeFiles/cmTC_c964d.dir/SIZE_T.c.o -c /mnt/d/pycharm/pythonProject1/wsl/.buildozer/android/platform/build-arm64-v8a_armeabi-v7a/build/other_builds/jpeg/arm64-v8a__ndk_target_21/jpeg/CMakeFiles/CheckTypeSize/SIZE_T.c
Linking C executable cmTC_c964d
/usr/bin/cmake -E cmake_link_script CMakeFiles/cmTC_c964d.dir/link.txt --verbose=1
/home/ajue/.buildozer/android/platform/android-ndk-r25b/toolchains/llvm/prebuilt/linux-x86_64/bin/clang --target=aarch64-none-linux-android21 --sysroot=/home/ajue/.buildozer/android/platform/android-ndk-r25b/toolchains/llvm/prebuilt/linux-x86_64/sysroot -g -DANDROID -fdata-sections -ffunction-sections -funwind-tables -fstack-protector-strong -no-canonical-prefixes -D_FORTIFY_SOURCE=2 -Wformat -Werror=format-security   -static-libstdc++ -Wl,--build-id=sha1 -Wl,--no-rosegment -Wl,--fatal-warnings -Wl,--gc-sections -Wl,--no-undefined -Qunused-arguments -Wl,--gc-sections   CMakeFiles/cmTC_c964d.dir/SIZE_T.c.o -o cmTC_c964d  -latomic -lm 
make[1]: Leaving directory '/mnt/d/pycharm/pythonProject1/wsl/.buildozer/android/platform/build-arm64-v8a_armeabi-v7a/build/other_builds/jpeg/arm64-v8a__ndk_target_21/jpeg/CMakeFiles/CMakeTmp'



Determining size of unsigned long passed with the following output:
Change Dir: /mnt/d/pycharm/pythonProject1/wsl/.buildozer/android/platform/build-arm64-v8a_armeabi-v7a/build/other_builds/jpeg/arm64-v8a__ndk_target_21/jpeg/CMakeFiles/CMakeTmp

Run Build Command(s):/usr/bin/gmake -f Makefile cmTC_0fa39/fast && make -j12  -f CMakeFiles/cmTC_0fa39.dir/build.make CMakeFiles/cmTC_0fa39.dir/build
make[1]: Entering directory '/mnt/d/pycharm/pythonProject1/wsl/.buildozer/android/platform/build-arm64-v8a_armeabi-v7a/build/other_builds/jpeg/arm64-v8a__ndk_target_21/jpeg/CMakeFiles/CMakeTmp'
Building C object CMakeFiles/cmTC_0fa39.dir/UNSIGNED_LONG.c.o
/home/ajue/.buildozer/android/platform/android-ndk-r25b/toolchains/llvm/prebuilt/linux-x86_64/bin/clang --target=aarch64-none-linux-android21 --sysroot=/home/ajue/.buildozer/android/platform/android-ndk-r25b/toolchains/llvm/prebuilt/linux-x86_64/sysroot   -g -DANDROID -fdata-sections -ffunction-sections -funwind-tables -fstack-protector-strong -no-canonical-prefixes -D_FORTIFY_SOURCE=2 -Wformat -Werror=format-security   -fPIE -MD -MT CMakeFiles/cmTC_0fa39.dir/UNSIGNED_LONG.c.o -MF CMakeFiles/cmTC_0fa39.dir/UNSIGNED_LONG.c.o.d -o CMakeFiles/cmTC_0fa39.dir/UNSIGNED_LONG.c.o -c /mnt/d/pycharm/pythonProject1/wsl/.buildozer/android/platform/build-arm64-v8a_armeabi-v7a/build/other_builds/jpeg/arm64-v8a__ndk_target_21/jpeg/CMakeFiles/CheckTypeSize/UNSIGNED_LONG.c
Linking C executable cmTC_0fa39
/usr/bin/cmake -E cmake_link_script CMakeFiles/cmTC_0fa39.dir/link.txt --verbose=1
/home/ajue/.buildozer/android/platform/android-ndk-r25b/toolchains/llvm/prebuilt/linux-x86_64/bin/clang --target=aarch64-none-linux-android21 --sysroot=/home/ajue/.buildozer/android/platform/android-ndk-r25b/toolchains/llvm/prebuilt/linux-x86_64/sysroot -g -DANDROID -fdata-sections -ffunction-sections -funwind-tables -fstack-protector-strong -no-canonical-prefixes -D_FORTIFY_SOURCE=2 -Wformat -Werror=format-security   -static-libstdc++ -Wl,--build-id=sha1 -Wl,--no-rosegment -Wl,--fatal-warnings -Wl,--gc-sections -Wl,--no-undefined -Qunused-arguments -Wl,--gc-sections   CMakeFiles/cmTC_0fa39.dir/UNSIGNED_LONG.c.o -o cmTC_0fa39  -latomic -lm 
make[1]: Leaving directory '/mnt/d/pycharm/pythonProject1/wsl/.buildozer/android/platform/build-arm64-v8a_armeabi-v7a/build/other_builds/jpeg/arm64-v8a__ndk_target_21/jpeg/CMakeFiles/CMakeTmp'



Performing C SOURCE FILE Test HAVE_BUILTIN_CTZL succeeded with the following output:
Change Dir: /mnt/d/pycharm/pythonProject1/wsl/.buildozer/android/platform/build-arm64-v8a_armeabi-v7a/build/other_builds/jpeg/arm64-v8a__ndk_target_21/jpeg/CMakeFiles/CMakeTmp

Run Build Command(s):/usr/bin/gmake -f Makefile cmTC_b4df4/fast && make -j12  -f CMakeFiles/cmTC_b4df4.dir/build.make CMakeFiles/cmTC_b4df4.dir/build
make[1]: Entering directory '/mnt/d/pycharm/pythonProject1/wsl/.buildozer/android/platform/build-arm64-v8a_armeabi-v7a/build/other_builds/jpeg/arm64-v8a__ndk_target_21/jpeg/CMakeFiles/CMakeTmp'
Building C object CMakeFiles/cmTC_b4df4.dir/src.c.o
/home/ajue/.buildozer/android/platform/android-ndk-r25b/toolchains/llvm/prebuilt/linux-x86_64/bin/clang --target=aarch64-none-linux-android21 --sysroot=/home/ajue/.buildozer/android/platform/android-ndk-r25b/toolchains/llvm/prebuilt/linux-x86_64/sysroot -DHAVE_BUILTIN_CTZL  -g -DANDROID -fdata-sections -ffunction-sections -funwind-tables -fstack-protector-strong -no-canonical-prefixes -D_FORTIFY_SOURCE=2 -Wformat -Werror=format-security   -fPIE -MD -MT CMakeFiles/cmTC_b4df4.dir/src.c.o -MF CMakeFiles/cmTC_b4df4.dir/src.c.o.d -o CMakeFiles/cmTC_b4df4.dir/src.c.o -c /mnt/d/pycharm/pythonProject1/wsl/.buildozer/android/platform/build-arm64-v8a_armeabi-v7a/build/other_builds/jpeg/arm64-v8a__ndk_target_21/jpeg/CMakeFiles/CMakeTmp/src.c
Linking C executable cmTC_b4df4
/usr/bin/cmake -E cmake_link_script CMakeFiles/cmTC_b4df4.dir/link.txt --verbose=1
/home/ajue/.buildozer/android/platform/android-ndk-r25b/toolchains/llvm/prebuilt/linux-x86_64/bin/clang --target=aarch64-none-linux-android21 --sysroot=/home/ajue/.buildozer/android/platform/android-ndk-r25b/toolchains/llvm/prebuilt/linux-x86_64/sysroot -g -DANDROID -fdata-sections -ffunction-sections -funwind-tables -fstack-protector-strong -no-canonical-prefixes -D_FORTIFY_SOURCE=2 -Wformat -Werror=format-security   -static-libstdc++ -Wl,--build-id=sha1 -Wl,--no-rosegment -Wl,--fatal-warnings -Wl,--gc-sections -Wl,--no-undefined -Qunused-arguments -Wl,--gc-sections   CMakeFiles/cmTC_b4df4.dir/src.c.o -o cmTC_b4df4  -latomic -lm 
make[1]: Leaving directory '/mnt/d/pycharm/pythonProject1/wsl/.buildozer/android/platform/build-arm64-v8a_armeabi-v7a/build/other_builds/jpeg/arm64-v8a__ndk_target_21/jpeg/CMakeFiles/CMakeTmp'


Source file was:
int main(int argc, char **argv) { unsigned long a = argc;  return __builtin_ctzl(a); }
Determining if files locale.h exist passed with the following output:
Change Dir: /mnt/d/pycharm/pythonProject1/wsl/.buildozer/android/platform/build-arm64-v8a_armeabi-v7a/build/other_builds/jpeg/arm64-v8a__ndk_target_21/jpeg/CMakeFiles/CMakeTmp

Run Build Command(s):/usr/bin/gmake -f Makefile cmTC_bc0e4/fast && make -j12  -f CMakeFiles/cmTC_bc0e4.dir/build.make CMakeFiles/cmTC_bc0e4.dir/build
make[1]: Entering directory '/mnt/d/pycharm/pythonProject1/wsl/.buildozer/android/platform/build-arm64-v8a_armeabi-v7a/build/other_builds/jpeg/arm64-v8a__ndk_target_21/jpeg/CMakeFiles/CMakeTmp'
Building C object CMakeFiles/cmTC_bc0e4.dir/HAVE_LOCALE_H.c.o
/home/ajue/.buildozer/android/platform/android-ndk-r25b/toolchains/llvm/prebuilt/linux-x86_64/bin/clang --target=aarch64-none-linux-android21 --sysroot=/home/ajue/.buildozer/android/platform/android-ndk-r25b/toolchains/llvm/prebuilt/linux-x86_64/sysroot   -g -DANDROID -fdata-sections -ffunction-sections -funwind-tables -fstack-protector-strong -no-canonical-prefixes -D_FORTIFY_SOURCE=2 -Wformat -Werror=format-security   -fPIE -MD -MT CMakeFiles/cmTC_bc0e4.dir/HAVE_LOCALE_H.c.o -MF CMakeFiles/cmTC_bc0e4.dir/HAVE_LOCALE_H.c.o.d -o CMakeFiles/cmTC_bc0e4.dir/HAVE_LOCALE_H.c.o -c /mnt/d/pycharm/pythonProject1/wsl/.buildozer/android/platform/build-arm64-v8a_armeabi-v7a/build/other_builds/jpeg/arm64-v8a__ndk_target_21/jpeg/CMakeFiles/CheckIncludeFiles/HAVE_LOCALE_H.c
Linking C executable cmTC_bc0e4
/usr/bin/cmake -E cmake_link_script CMakeFiles/cmTC_bc0e4.dir/link.txt --verbose=1
/home/ajue/.buildozer/android/platform/android-ndk-r25b/toolchains/llvm/prebuilt/linux-x86_64/bin/clang --target=aarch64-none-linux-android21 --sysroot=/home/ajue/.buildozer/android/platform/android-ndk-r25b/toolchains/llvm/prebuilt/linux-x86_64/sysroot -g -DANDROID -fdata-sections -ffunction-sections -funwind-tables -fstack-protector-strong -no-canonical-prefixes -D_FORTIFY_SOURCE=2 -Wformat -Werror=format-security   -static-libstdc++ -Wl,--build-id=sha1 -Wl,--no-rosegment -Wl,--fatal-warnings -Wl,--gc-sections -Wl,--no-undefined -Qunused-arguments -Wl,--gc-sections   CMakeFiles/cmTC_bc0e4.dir/HAVE_LOCALE_H.c.o -o cmTC_bc0e4  -latomic -lm 
make[1]: Leaving directory '/mnt/d/pycharm/pythonProject1/wsl/.buildozer/android/platform/build-arm64-v8a_armeabi-v7a/build/other_builds/jpeg/arm64-v8a__ndk_target_21/jpeg/CMakeFiles/CMakeTmp'



Determining if files stdlib.h exist passed with the following output:
Change Dir: /mnt/d/pycharm/pythonProject1/wsl/.buildozer/android/platform/build-arm64-v8a_armeabi-v7a/build/other_builds/jpeg/arm64-v8a__ndk_target_21/jpeg/CMakeFiles/CMakeTmp

Run Build Command(s):/usr/bin/gmake -f Makefile cmTC_214c6/fast && make -j12  -f CMakeFiles/cmTC_214c6.dir/build.make CMakeFiles/cmTC_214c6.dir/build
make[1]: Entering directory '/mnt/d/pycharm/pythonProject1/wsl/.buildozer/android/platform/build-arm64-v8a_armeabi-v7a/build/other_builds/jpeg/arm64-v8a__ndk_target_21/jpeg/CMakeFiles/CMakeTmp'
Building C object CMakeFiles/cmTC_214c6.dir/HAVE_STDLIB_H.c.o
/home/ajue/.buildozer/android/platform/android-ndk-r25b/toolchains/llvm/prebuilt/linux-x86_64/bin/clang --target=aarch64-none-linux-android21 --sysroot=/home/ajue/.buildozer/android/platform/android-ndk-r25b/toolchains/llvm/prebuilt/linux-x86_64/sysroot   -g -DANDROID -fdata-sections -ffunction-sections -funwind-tables -fstack-protector-strong -no-canonical-prefixes -D_FORTIFY_SOURCE=2 -Wformat -Werror=format-security   -fPIE -MD -MT CMakeFiles/cmTC_214c6.dir/HAVE_STDLIB_H.c.o -MF CMakeFiles/cmTC_214c6.dir/HAVE_STDLIB_H.c.o.d -o CMakeFiles/cmTC_214c6.dir/HAVE_STDLIB_H.c.o -c /mnt/d/pycharm/pythonProject1/wsl/.buildozer/android/platform/build-arm64-v8a_armeabi-v7a/build/other_builds/jpeg/arm64-v8a__ndk_target_21/jpeg/CMakeFiles/CheckIncludeFiles/HAVE_STDLIB_H.c
Linking C executable cmTC_214c6
/usr/bin/cmake -E cmake_link_script CMakeFiles/cmTC_214c6.dir/link.txt --verbose=1
/home/ajue/.buildozer/android/platform/android-ndk-r25b/toolchains/llvm/prebuilt/linux-x86_64/bin/clang --target=aarch64-none-linux-android21 --sysroot=/home/ajue/.buildozer/android/platform/android-ndk-r25b/toolchains/llvm/prebuilt/linux-x86_64/sysroot -g -DANDROID -fdata-sections -ffunction-sections -funwind-tables -fstack-protector-strong -no-canonical-prefixes -D_FORTIFY_SOURCE=2 -Wformat -Werror=format-security   -static-libstdc++ -Wl,--build-id=sha1 -Wl,--no-rosegment -Wl,--fatal-warnings -Wl,--gc-sections -Wl,--no-undefined -Qunused-arguments -Wl,--gc-sections   CMakeFiles/cmTC_214c6.dir/HAVE_STDLIB_H.c.o -o cmTC_214c6  -latomic -lm 
make[1]: Leaving directory '/mnt/d/pycharm/pythonProject1/wsl/.buildozer/android/platform/build-arm64-v8a_armeabi-v7a/build/other_builds/jpeg/arm64-v8a__ndk_target_21/jpeg/CMakeFiles/CMakeTmp'



Determining if files sys/types.h exist passed with the following output:
Change Dir: /mnt/d/pycharm/pythonProject1/wsl/.buildozer/android/platform/build-arm64-v8a_armeabi-v7a/build/other_builds/jpeg/arm64-v8a__ndk_target_21/jpeg/CMakeFiles/CMakeTmp

Run Build Command(s):/usr/bin/gmake -f Makefile cmTC_1bc3e/fast && make -j12  -f CMakeFiles/cmTC_1bc3e.dir/build.make CMakeFiles/cmTC_1bc3e.dir/build
make[1]: Entering directory '/mnt/d/pycharm/pythonProject1/wsl/.buildozer/android/platform/build-arm64-v8a_armeabi-v7a/build/other_builds/jpeg/arm64-v8a__ndk_target_21/jpeg/CMakeFiles/CMakeTmp'
Building C object CMakeFiles/cmTC_1bc3e.dir/NEED_SYS_TYPES_H.c.o
/home/ajue/.buildozer/android/platform/android-ndk-r25b/toolchains/llvm/prebuilt/linux-x86_64/bin/clang --target=aarch64-none-linux-android21 --sysroot=/home/ajue/.buildozer/android/platform/android-ndk-r25b/toolchains/llvm/prebuilt/linux-x86_64/sysroot   -g -DANDROID -fdata-sections -ffunction-sections -funwind-tables -fstack-protector-strong -no-canonical-prefixes -D_FORTIFY_SOURCE=2 -Wformat -Werror=format-security   -fPIE -MD -MT CMakeFiles/cmTC_1bc3e.dir/NEED_SYS_TYPES_H.c.o -MF CMakeFiles/cmTC_1bc3e.dir/NEED_SYS_TYPES_H.c.o.d -o CMakeFiles/cmTC_1bc3e.dir/NEED_SYS_TYPES_H.c.o -c /mnt/d/pycharm/pythonProject1/wsl/.buildozer/android/platform/build-arm64-v8a_armeabi-v7a/build/other_builds/jpeg/arm64-v8a__ndk_target_21/jpeg/CMakeFiles/CheckIncludeFiles/NEED_SYS_TYPES_H.c
Linking C executable cmTC_1bc3e
/usr/bin/cmake -E cmake_link_script CMakeFiles/cmTC_1bc3e.dir/link.txt --verbose=1
/home/ajue/.buildozer/android/platform/android-ndk-r25b/toolchains/llvm/prebuilt/linux-x86_64/bin/clang --target=aarch64-none-linux-android21 --sysroot=/home/ajue/.buildozer/android/platform/android-ndk-r25b/toolchains/llvm/prebuilt/linux-x86_64/sysroot -g -DANDROID -fdata-sections -ffunction-sections -funwind-tables -fstack-protector-strong -no-canonical-prefixes -D_FORTIFY_SOURCE=2 -Wformat -Werror=format-security   -static-libstdc++ -Wl,--build-id=sha1 -Wl,--no-rosegment -Wl,--fatal-warnings -Wl,--gc-sections -Wl,--no-undefined -Qunused-arguments -Wl,--gc-sections   CMakeFiles/cmTC_1bc3e.dir/NEED_SYS_TYPES_H.c.o -o cmTC_1bc3e  -latomic -lm 
make[1]: Leaving directory '/mnt/d/pycharm/pythonProject1/wsl/.buildozer/android/platform/build-arm64-v8a_armeabi-v7a/build/other_builds/jpeg/arm64-v8a__ndk_target_21/jpeg/CMakeFiles/CMakeTmp'



Determining if the memset exist passed with the following output:
Change Dir: /mnt/d/pycharm/pythonProject1/wsl/.buildozer/android/platform/build-arm64-v8a_armeabi-v7a/build/other_builds/jpeg/arm64-v8a__ndk_target_21/jpeg/CMakeFiles/CMakeTmp

Run Build Command(s):/usr/bin/gmake -f Makefile cmTC_67a8f/fast && make -j12  -f CMakeFiles/cmTC_67a8f.dir/build.make CMakeFiles/cmTC_67a8f.dir/build
make[1]: Entering directory '/mnt/d/pycharm/pythonProject1/wsl/.buildozer/android/platform/build-arm64-v8a_armeabi-v7a/build/other_builds/jpeg/arm64-v8a__ndk_target_21/jpeg/CMakeFiles/CMakeTmp'
Building C object CMakeFiles/cmTC_67a8f.dir/CheckSymbolExists.c.o
/home/ajue/.buildozer/android/platform/android-ndk-r25b/toolchains/llvm/prebuilt/linux-x86_64/bin/clang --target=aarch64-none-linux-android21 --sysroot=/home/ajue/.buildozer/android/platform/android-ndk-r25b/toolchains/llvm/prebuilt/linux-x86_64/sysroot   -g -DANDROID -fdata-sections -ffunction-sections -funwind-tables -fstack-protector-strong -no-canonical-prefixes -D_FORTIFY_SOURCE=2 -Wformat   -fPIE -MD -MT CMakeFiles/cmTC_67a8f.dir/CheckSymbolExists.c.o -MF CMakeFiles/cmTC_67a8f.dir/CheckSymbolExists.c.o.d -o CMakeFiles/cmTC_67a8f.dir/CheckSymbolExists.c.o -c /mnt/d/pycharm/pythonProject1/wsl/.buildozer/android/platform/build-arm64-v8a_armeabi-v7a/build/other_builds/jpeg/arm64-v8a__ndk_target_21/jpeg/CMakeFiles/CMakeTmp/CheckSymbolExists.c
Linking C executable cmTC_67a8f
/usr/bin/cmake -E cmake_link_script CMakeFiles/cmTC_67a8f.dir/link.txt --verbose=1
/home/ajue/.buildozer/android/platform/android-ndk-r25b/toolchains/llvm/prebuilt/linux-x86_64/bin/clang --target=aarch64-none-linux-android21 --sysroot=/home/ajue/.buildozer/android/platform/android-ndk-r25b/toolchains/llvm/prebuilt/linux-x86_64/sysroot -g -DANDROID -fdata-sections -ffunction-sections -funwind-tables -fstack-protector-strong -no-canonical-prefixes -D_FORTIFY_SOURCE=2 -Wformat   -static-libstdc++ -Wl,--build-id=sha1 -Wl,--no-rosegment -Wl,--fatal-warnings -Wl,--gc-sections -Wl,--no-undefined -Qunused-arguments -Wl,--gc-sections   CMakeFiles/cmTC_67a8f.dir/CheckSymbolExists.c.o -o cmTC_67a8f  -latomic -lm 
make[1]: Leaving directory '/mnt/d/pycharm/pythonProject1/wsl/.buildozer/android/platform/build-arm64-v8a_armeabi-v7a/build/other_builds/jpeg/arm64-v8a__ndk_target_21/jpeg/CMakeFiles/CMakeTmp'


File /mnt/d/pycharm/pythonProject1/wsl/.buildozer/android/platform/build-arm64-v8a_armeabi-v7a/build/other_builds/jpeg/arm64-v8a__ndk_target_21/jpeg/CMakeFiles/CMakeTmp/CheckSymbolExists.c:
/* */
#include <string.h>

int main(int argc, char** argv)
{
  (void)argv;
#ifndef memset
  return ((int*)(&memset))[argc];
#else
  (void)argc;
  return 0;
#endif
}
Determining if the memcpy exist passed with the following output:
Change Dir: /mnt/d/pycharm/pythonProject1/wsl/.buildozer/android/platform/build-arm64-v8a_armeabi-v7a/build/other_builds/jpeg/arm64-v8a__ndk_target_21/jpeg/CMakeFiles/CMakeTmp

Run Build Command(s):/usr/bin/gmake -f Makefile cmTC_c4b4e/fast && make -j12  -f CMakeFiles/cmTC_c4b4e.dir/build.make CMakeFiles/cmTC_c4b4e.dir/build
make[1]: Entering directory '/mnt/d/pycharm/pythonProject1/wsl/.buildozer/android/platform/build-arm64-v8a_armeabi-v7a/build/other_builds/jpeg/arm64-v8a__ndk_target_21/jpeg/CMakeFiles/CMakeTmp'
Building C object CMakeFiles/cmTC_c4b4e.dir/CheckSymbolExists.c.o
/home/ajue/.buildozer/android/platform/android-ndk-r25b/toolchains/llvm/prebuilt/linux-x86_64/bin/clang --target=aarch64-none-linux-android21 --sysroot=/home/ajue/.buildozer/android/platform/android-ndk-r25b/toolchains/llvm/prebuilt/linux-x86_64/sysroot   -g -DANDROID -fdata-sections -ffunction-sections -funwind-tables -fstack-protector-strong -no-canonical-prefixes -D_FORTIFY_SOURCE=2 -Wformat   -fPIE -MD -MT CMakeFiles/cmTC_c4b4e.dir/CheckSymbolExists.c.o -MF CMakeFiles/cmTC_c4b4e.dir/CheckSymbolExists.c.o.d -o CMakeFiles/cmTC_c4b4e.dir/CheckSymbolExists.c.o -c /mnt/d/pycharm/pythonProject1/wsl/.buildozer/android/platform/build-arm64-v8a_armeabi-v7a/build/other_builds/jpeg/arm64-v8a__ndk_target_21/jpeg/CMakeFiles/CMakeTmp/CheckSymbolExists.c
Linking C executable cmTC_c4b4e
/usr/bin/cmake -E cmake_link_script CMakeFiles/cmTC_c4b4e.dir/link.txt --verbose=1
/home/ajue/.buildozer/android/platform/android-ndk-r25b/toolchains/llvm/prebuilt/linux-x86_64/bin/clang --target=aarch64-none-linux-android21 --sysroot=/home/ajue/.buildozer/android/platform/android-ndk-r25b/toolchains/llvm/prebuilt/linux-x86_64/sysroot -g -DANDROID -fdata-sections -ffunction-sections -funwind-tables -fstack-protector-strong -no-canonical-prefixes -D_FORTIFY_SOURCE=2 -Wformat   -static-libstdc++ -Wl,--build-id=sha1 -Wl,--no-rosegment -Wl,--fatal-warnings -Wl,--gc-sections -Wl,--no-undefined -Qunused-arguments -Wl,--gc-sections   CMakeFiles/cmTC_c4b4e.dir/CheckSymbolExists.c.o -o cmTC_c4b4e  -latomic -lm 
make[1]: Leaving directory '/mnt/d/pycharm/pythonProject1/wsl/.buildozer/android/platform/build-arm64-v8a_armeabi-v7a/build/other_builds/jpeg/arm64-v8a__ndk_target_21/jpeg/CMakeFiles/CMakeTmp'


File /mnt/d/pycharm/pythonProject1/wsl/.buildozer/android/platform/build-arm64-v8a_armeabi-v7a/build/other_builds/jpeg/arm64-v8a__ndk_target_21/jpeg/CMakeFiles/CMakeTmp/CheckSymbolExists.c:
/* */
#include <string.h>

int main(int argc, char** argv)
{
  (void)argv;
#ifndef memcpy
  return ((int*)(&memcpy))[argc];
#else
  (void)argc;
  return 0;
#endif
}
Determining size of unsigned char passed with the following output:
Change Dir: /mnt/d/pycharm/pythonProject1/wsl/.buildozer/android/platform/build-arm64-v8a_armeabi-v7a/build/other_builds/jpeg/arm64-v8a__ndk_target_21/jpeg/CMakeFiles/CMakeTmp

Run Build Command(s):/usr/bin/gmake -f Makefile cmTC_2ef41/fast && make -j12  -f CMakeFiles/cmTC_2ef41.dir/build.make CMakeFiles/cmTC_2ef41.dir/build
make[1]: Entering directory '/mnt/d/pycharm/pythonProject1/wsl/.buildozer/android/platform/build-arm64-v8a_armeabi-v7a/build/other_builds/jpeg/arm64-v8a__ndk_target_21/jpeg/CMakeFiles/CMakeTmp'
Building C object CMakeFiles/cmTC_2ef41.dir/UNSIGNED_CHAR.c.o
/home/ajue/.buildozer/android/platform/android-ndk-r25b/toolchains/llvm/prebuilt/linux-x86_64/bin/clang --target=aarch64-none-linux-android21 --sysroot=/home/ajue/.buildozer/android/platform/android-ndk-r25b/toolchains/llvm/prebuilt/linux-x86_64/sysroot   -g -DANDROID -fdata-sections -ffunction-sections -funwind-tables -fstack-protector-strong -no-canonical-prefixes -D_FORTIFY_SOURCE=2 -Wformat -Werror=format-security   -fPIE -MD -MT CMakeFiles/cmTC_2ef41.dir/UNSIGNED_CHAR.c.o -MF CMakeFiles/cmTC_2ef41.dir/UNSIGNED_CHAR.c.o.d -o CMakeFiles/cmTC_2ef41.dir/UNSIGNED_CHAR.c.o -c /mnt/d/pycharm/pythonProject1/wsl/.buildozer/android/platform/build-arm64-v8a_armeabi-v7a/build/other_builds/jpeg/arm64-v8a__ndk_target_21/jpeg/CMakeFiles/CheckTypeSize/UNSIGNED_CHAR.c
Linking C executable cmTC_2ef41
/usr/bin/cmake -E cmake_link_script CMakeFiles/cmTC_2ef41.dir/link.txt --verbose=1
/home/ajue/.buildozer/android/platform/android-ndk-r25b/toolchains/llvm/prebuilt/linux-x86_64/bin/clang --target=aarch64-none-linux-android21 --sysroot=/home/ajue/.buildozer/android/platform/android-ndk-r25b/toolchains/llvm/prebuilt/linux-x86_64/sysroot -g -DANDROID -fdata-sections -ffunction-sections -funwind-tables -fstack-protector-strong -no-canonical-prefixes -D_FORTIFY_SOURCE=2 -Wformat -Werror=format-security   -static-libstdc++ -Wl,--build-id=sha1 -Wl,--no-rosegment -Wl,--fatal-warnings -Wl,--gc-sections -Wl,--no-undefined -Qunused-arguments -Wl,--gc-sections   CMakeFiles/cmTC_2ef41.dir/UNSIGNED_CHAR.c.o -o cmTC_2ef41  -latomic -lm 
make[1]: Leaving directory '/mnt/d/pycharm/pythonProject1/wsl/.buildozer/android/platform/build-arm64-v8a_armeabi-v7a/build/other_builds/jpeg/arm64-v8a__ndk_target_21/jpeg/CMakeFiles/CMakeTmp'



Determining size of unsigned short passed with the following output:
Change Dir: /mnt/d/pycharm/pythonProject1/wsl/.buildozer/android/platform/build-arm64-v8a_armeabi-v7a/build/other_builds/jpeg/arm64-v8a__ndk_target_21/jpeg/CMakeFiles/CMakeTmp

Run Build Command(s):/usr/bin/gmake -f Makefile cmTC_e2eb9/fast && make -j12  -f CMakeFiles/cmTC_e2eb9.dir/build.make CMakeFiles/cmTC_e2eb9.dir/build
make[1]: Entering directory '/mnt/d/pycharm/pythonProject1/wsl/.buildozer/android/platform/build-arm64-v8a_armeabi-v7a/build/other_builds/jpeg/arm64-v8a__ndk_target_21/jpeg/CMakeFiles/CMakeTmp'
Building C object CMakeFiles/cmTC_e2eb9.dir/UNSIGNED_SHORT.c.o
/home/ajue/.buildozer/android/platform/android-ndk-r25b/toolchains/llvm/prebuilt/linux-x86_64/bin/clang --target=aarch64-none-linux-android21 --sysroot=/home/ajue/.buildozer/android/platform/android-ndk-r25b/toolchains/llvm/prebuilt/linux-x86_64/sysroot   -g -DANDROID -fdata-sections -ffunction-sections -funwind-tables -fstack-protector-strong -no-canonical-prefixes -D_FORTIFY_SOURCE=2 -Wformat -Werror=format-security   -fPIE -MD -MT CMakeFiles/cmTC_e2eb9.dir/UNSIGNED_SHORT.c.o -MF CMakeFiles/cmTC_e2eb9.dir/UNSIGNED_SHORT.c.o.d -o CMakeFiles/cmTC_e2eb9.dir/UNSIGNED_SHORT.c.o -c /mnt/d/pycharm/pythonProject1/wsl/.buildozer/android/platform/build-arm64-v8a_armeabi-v7a/build/other_builds/jpeg/arm64-v8a__ndk_target_21/jpeg/CMakeFiles/CheckTypeSize/UNSIGNED_SHORT.c
Linking C executable cmTC_e2eb9
/usr/bin/cmake -E cmake_link_script CMakeFiles/cmTC_e2eb9.dir/link.txt --verbose=1
/home/ajue/.buildozer/android/platform/android-ndk-r25b/toolchains/llvm/prebuilt/linux-x86_64/bin/clang --target=aarch64-none-linux-android21 --sysroot=/home/ajue/.buildozer/android/platform/android-ndk-r25b/toolchains/llvm/prebuilt/linux-x86_64/sysroot -g -DANDROID -fdata-sections -ffunction-sections -funwind-tables -fstack-protector-strong -no-canonical-prefixes -D_FORTIFY_SOURCE=2 -Wformat -Werror=format-security   -static-libstdc++ -Wl,--build-id=sha1 -Wl,--no-rosegment -Wl,--fatal-warnings -Wl,--gc-sections -Wl,--no-undefined -Qunused-arguments -Wl,--gc-sections   CMakeFiles/cmTC_e2eb9.dir/UNSIGNED_SHORT.c.o -o cmTC_e2eb9  -latomic -lm 
make[1]: Leaving directory '/mnt/d/pycharm/pythonProject1/wsl/.buildozer/android/platform/build-arm64-v8a_armeabi-v7a/build/other_builds/jpeg/arm64-v8a__ndk_target_21/jpeg/CMakeFiles/CMakeTmp'



Performing C SOURCE FILE Test INCOMPLETE_TYPES succeeded with the following output:
Change Dir: /mnt/d/pycharm/pythonProject1/wsl/.buildozer/android/platform/build-arm64-v8a_armeabi-v7a/build/other_builds/jpeg/arm64-v8a__ndk_target_21/jpeg/CMakeFiles/CMakeTmp

Run Build Command(s):/usr/bin/gmake -f Makefile cmTC_160fc/fast && make -j12  -f CMakeFiles/cmTC_160fc.dir/build.make CMakeFiles/cmTC_160fc.dir/build
make[1]: Entering directory '/mnt/d/pycharm/pythonProject1/wsl/.buildozer/android/platform/build-arm64-v8a_armeabi-v7a/build/other_builds/jpeg/arm64-v8a__ndk_target_21/jpeg/CMakeFiles/CMakeTmp'
Building C object CMakeFiles/cmTC_160fc.dir/src.c.o
/home/ajue/.buildozer/android/platform/android-ndk-r25b/toolchains/llvm/prebuilt/linux-x86_64/bin/clang --target=aarch64-none-linux-android21 --sysroot=/home/ajue/.buildozer/android/platform/android-ndk-r25b/toolchains/llvm/prebuilt/linux-x86_64/sysroot -DINCOMPLETE_TYPES  -g -DANDROID -fdata-sections -ffunction-sections -funwind-tables -fstack-protector-strong -no-canonical-prefixes -D_FORTIFY_SOURCE=2 -Wformat -Werror=format-security   -fPIE -MD -MT CMakeFiles/cmTC_160fc.dir/src.c.o -MF CMakeFiles/cmTC_160fc.dir/src.c.o.d -o CMakeFiles/cmTC_160fc.dir/src.c.o -c /mnt/d/pycharm/pythonProject1/wsl/.buildozer/android/platform/build-arm64-v8a_armeabi-v7a/build/other_builds/jpeg/arm64-v8a__ndk_target_21/jpeg/CMakeFiles/CMakeTmp/src.c
Linking C executable cmTC_160fc
/usr/bin/cmake -E cmake_link_script CMakeFiles/cmTC_160fc.dir/link.txt --verbose=1
/home/ajue/.buildozer/android/platform/android-ndk-r25b/toolchains/llvm/prebuilt/linux-x86_64/bin/clang --target=aarch64-none-linux-android21 --sysroot=/home/ajue/.buildozer/android/platform/android-ndk-r25b/toolchains/llvm/prebuilt/linux-x86_64/sysroot -g -DANDROID -fdata-sections -ffunction-sections -funwind-tables -fstack-protector-strong -no-canonical-prefixes -D_FORTIFY_SOURCE=2 -Wformat -Werror=format-security   -static-libstdc++ -Wl,--build-id=sha1 -Wl,--no-rosegment -Wl,--fatal-warnings -Wl,--gc-sections -Wl,--no-undefined -Qunused-arguments -Wl,--gc-sections   CMakeFiles/cmTC_160fc.dir/src.c.o -o cmTC_160fc  -latomic -lm 
make[1]: Leaving directory '/mnt/d/pycharm/pythonProject1/wsl/.buildozer/android/platform/build-arm64-v8a_armeabi-v7a/build/other_builds/jpeg/arm64-v8a__ndk_target_21/jpeg/CMakeFiles/CMakeTmp'


Source file was:
int main(void) { typedef struct undefined_structure *undef_struct_ptr;  undef_struct_ptr ptr = 0;  return ptr != 0; }
Performing C SOURCE FILE Test INLINE_WORKS succeeded with the following output:
Change Dir: /mnt/d/pycharm/pythonProject1/wsl/.buildozer/android/platform/build-arm64-v8a_armeabi-v7a/build/other_builds/jpeg/arm64-v8a__ndk_target_21/jpeg/CMakeFiles/CMakeTmp

Run Build Command(s):/usr/bin/gmake -f Makefile cmTC_14243/fast && make -j12  -f CMakeFiles/cmTC_14243.dir/build.make CMakeFiles/cmTC_14243.dir/build
make[1]: Entering directory '/mnt/d/pycharm/pythonProject1/wsl/.buildozer/android/platform/build-arm64-v8a_armeabi-v7a/build/other_builds/jpeg/arm64-v8a__ndk_target_21/jpeg/CMakeFiles/CMakeTmp'
Building C object CMakeFiles/cmTC_14243.dir/src.c.o
/home/ajue/.buildozer/android/platform/android-ndk-r25b/toolchains/llvm/prebuilt/linux-x86_64/bin/clang --target=aarch64-none-linux-android21 --sysroot=/home/ajue/.buildozer/android/platform/android-ndk-r25b/toolchains/llvm/prebuilt/linux-x86_64/sysroot -DINLINE_WORKS  -g -DANDROID -fdata-sections -ffunction-sections -funwind-tables -fstack-protector-strong -no-canonical-prefixes -D_FORTIFY_SOURCE=2 -Wformat -Werror=format-security   -fPIE -MD -MT CMakeFiles/cmTC_14243.dir/src.c.o -MF CMakeFiles/cmTC_14243.dir/src.c.o.d -o CMakeFiles/cmTC_14243.dir/src.c.o -c /mnt/d/pycharm/pythonProject1/wsl/.buildozer/android/platform/build-arm64-v8a_armeabi-v7a/build/other_builds/jpeg/arm64-v8a__ndk_target_21/jpeg/CMakeFiles/CMakeTmp/src.c
Linking C executable cmTC_14243
/usr/bin/cmake -E cmake_link_script CMakeFiles/cmTC_14243.dir/link.txt --verbose=1
/home/ajue/.buildozer/android/platform/android-ndk-r25b/toolchains/llvm/prebuilt/linux-x86_64/bin/clang --target=aarch64-none-linux-android21 --sysroot=/home/ajue/.buildozer/android/platform/android-ndk-r25b/toolchains/llvm/prebuilt/linux-x86_64/sysroot -g -DANDROID -fdata-sections -ffunction-sections -funwind-tables -fstack-protector-strong -no-canonical-prefixes -D_FORTIFY_SOURCE=2 -Wformat -Werror=format-security   -static-libstdc++ -Wl,--build-id=sha1 -Wl,--no-rosegment -Wl,--fatal-warnings -Wl,--gc-sections -Wl,--no-undefined -Qunused-arguments -Wl,--gc-sections   CMakeFiles/cmTC_14243.dir/src.c.o -o cmTC_14243  -latomic -lm 
make[1]: Leaving directory '/mnt/d/pycharm/pythonProject1/wsl/.buildozer/android/platform/build-arm64-v8a_armeabi-v7a/build/other_builds/jpeg/arm64-v8a__ndk_target_21/jpeg/CMakeFiles/CMakeTmp'


Source file was:
__inline__ __attribute__((always_inline)) static int foo(void) { return 0; } int main(void) { return foo(); }
Performing C SOURCE FILE Test HAVE_VERSION_SCRIPT succeeded with the following output:
Change Dir: /mnt/d/pycharm/pythonProject1/wsl/.buildozer/android/platform/build-arm64-v8a_armeabi-v7a/build/other_builds/jpeg/arm64-v8a__ndk_target_21/jpeg/CMakeFiles/CMakeTmp

Run Build Command(s):/usr/bin/gmake -f Makefile cmTC_d134e/fast && make -j12  -f CMakeFiles/cmTC_d134e.dir/build.make CMakeFiles/cmTC_d134e.dir/build
make[1]: Entering directory '/mnt/d/pycharm/pythonProject1/wsl/.buildozer/android/platform/build-arm64-v8a_armeabi-v7a/build/other_builds/jpeg/arm64-v8a__ndk_target_21/jpeg/CMakeFiles/CMakeTmp'
Building C object CMakeFiles/cmTC_d134e.dir/src.c.o
/home/ajue/.buildozer/android/platform/android-ndk-r25b/toolchains/llvm/prebuilt/linux-x86_64/bin/clang --target=aarch64-none-linux-android21 --sysroot=/home/ajue/.buildozer/android/platform/android-ndk-r25b/toolchains/llvm/prebuilt/linux-x86_64/sysroot -DHAVE_VERSION_SCRIPT  -g -DANDROID -fdata-sections -ffunction-sections -funwind-tables -fstack-protector-strong -no-canonical-prefixes -D_FORTIFY_SOURCE=2 -Wformat -Werror=format-security  -Wl,--version-script,/mnt/d/pycharm/pythonProject1/wsl/.buildozer/android/platform/build-arm64-v8a_armeabi-v7a/build/other_builds/jpeg/arm64-v8a__ndk_target_21/jpeg/conftest.map -fPIE -MD -MT CMakeFiles/cmTC_d134e.dir/src.c.o -MF CMakeFiles/cmTC_d134e.dir/src.c.o.d -o CMakeFiles/cmTC_d134e.dir/src.c.o -c /mnt/d/pycharm/pythonProject1/wsl/.buildozer/android/platform/build-arm64-v8a_armeabi-v7a/build/other_builds/jpeg/arm64-v8a__ndk_target_21/jpeg/CMakeFiles/CMakeTmp/src.c
clang: warning: -Wl,--version-script,/mnt/d/pycharm/pythonProject1/wsl/.buildozer/android/platform/build-arm64-v8a_armeabi-v7a/build/other_builds/jpeg/arm64-v8a__ndk_target_21/jpeg/conftest.map: 'linker' input unused [-Wunused-command-line-argument]
Linking C executable cmTC_d134e
/usr/bin/cmake -E cmake_link_script CMakeFiles/cmTC_d134e.dir/link.txt --verbose=1
/home/ajue/.buildozer/android/platform/android-ndk-r25b/toolchains/llvm/prebuilt/linux-x86_64/bin/clang --target=aarch64-none-linux-android21 --sysroot=/home/ajue/.buildozer/android/platform/android-ndk-r25b/toolchains/llvm/prebuilt/linux-x86_64/sysroot -g -DANDROID -fdata-sections -ffunction-sections -funwind-tables -fstack-protector-strong -no-canonical-prefixes -D_FORTIFY_SOURCE=2 -Wformat -Werror=format-security  -Wl,--version-script,/mnt/d/pycharm/pythonProject1/wsl/.buildozer/android/platform/build-arm64-v8a_armeabi-v7a/build/other_builds/jpeg/arm64-v8a__ndk_target_21/jpeg/conftest.map -static-libstdc++ -Wl,--build-id=sha1 -Wl,--no-rosegment -Wl,--fatal-warnings -Wl,--gc-sections -Wl,--no-undefined -Qunused-arguments -Wl,--gc-sections   CMakeFiles/cmTC_d134e.dir/src.c.o -o cmTC_d134e  -latomic -lm 
make[1]: Leaving directory '/mnt/d/pycharm/pythonProject1/wsl/.buildozer/android/platform/build-arm64-v8a_armeabi-v7a/build/other_builds/jpeg/arm64-v8a__ndk_target_21/jpeg/CMakeFiles/CMakeTmp'


Source file was:
int main(void) { return 0; }
Checking whether the ASM compiler is Clang using "--version" matched "(clang version)":
Android (8490178, based on r450784d) clang version 14.0.6 (https://android.googlesource.com/toolchain/llvm-project 4c603efb0cca074e9238af8b4106c30add4418f6)
Target: x86_64-unknown-linux-gnu
Thread model: posix
InstalledDir: /home/ajue/.buildozer/android/platform/android-ndk-r25b/toolchains/llvm/prebuilt/linux-x86_64/bin
